Using pre-set license
Built from '2020.3/staging' branch; Version is '2020.3.9f1 (108be757e447) revision 1084391'; Using compiler version '192528614'; Build Type 'Release'
OS: 'Windows 10 Home Single Language; OS build 19041.985; Version 2004; 64bit' Language: 'en' Physical Memory: 16168 MB
BatchMode: 1, IsHumanControllingUs: 0, StartBugReporterOnCrash: 0, Is64bit: 1, IsPro: 0

 COMMAND LINE ARGUMENTS:
F:\2020.3.9f1\Editor\Unity.exe
-adb2
-batchMode
-noUpm
-name
AssetImportWorker0
-projectPath
F:/Unity Engine/Games Works-2021/EndlessRunner
-logFile
Logs/AssetImportWorker0.log
-srvPort
52267
Successfully changed project path to: F:/Unity Engine/Games Works-2021/EndlessRunner
F:/Unity Engine/Games Works-2021/EndlessRunner
Using Asset Import Pipeline V2.
Refreshing native plugins compatible for Editor in 58.60 ms, found 3 plugins.
Preloading 0 native plugins for Editor in 0.00 ms.
Initialize engine version: 2020.3.9f1 (108be757e447)
[Subsystems] Discovering subsystems at path F:/2020.3.9f1/Editor/Data/Resources/UnitySubsystems
[Subsystems] Discovering subsystems at path F:/Unity Engine/Games Works-2021/EndlessRunner/Assets
GfxDevice: creating device client; threaded=0
Direct3D:
    Version:  Direct3D 11.0 [level 11.1]
    Renderer: NVIDIA GeForce RTX 2060 (ID=0x1f15)
    Vendor:   
    VRAM:     5980 MB
    Driver:   27.21.14.5763
Initialize mono
Mono path[0] = 'F:/2020.3.9f1/Editor/Data/Managed'
Mono path[1] = 'F:/2020.3.9f1/Editor/Data/MonoBleedingEdge/lib/mono/unityjit'
Mono config path = 'F:/2020.3.9f1/Editor/Data/MonoBleedingEdge/etc'
Using monoOptions --debugger-agent=transport=dt_socket,embedding=1,server=y,suspend=n,address=127.0.0.1:56140
Begin MonoManager ReloadAssembly
Registering precompiled unity dll's ...
Register platform support module: F:/2020.3.9f1/Editor/Data/PlaybackEngines/WindowsStandaloneSupport/UnityEditor.WindowsStandalone.Extensions.dll
Registered in 0.001053 seconds.
Native extension for WindowsStandalone target not found
Refreshing native plugins compatible for Editor in 49.86 ms, found 3 plugins.
Preloading 0 native plugins for Editor in 0.00 ms.
Mono: successfully reloaded assembly
- Completed reload, in  2.074 seconds
Platform modules already initialized, skipping
Registering precompiled user dll's ...
Registered in 0.002479 seconds.
Begin MonoManager ReloadAssembly
Native extension for WindowsStandalone target not found
Refreshing native plugins compatible for Editor in 0.71 ms, found 3 plugins.
Preloading 0 native plugins for Editor in 0.00 ms.
Mono: successfully reloaded assembly
- Completed reload, in  0.972 seconds
Platform modules already initialized, skipping
========================================================================
Worker process is ready to serve import requests
Launched and connected shader compiler UnityShaderCompiler.exe after 0.04 seconds
Refreshing native plugins compatible for Editor in 0.67 ms, found 3 plugins.
Preloading 0 native plugins for Editor in 0.00 ms.
Unloading 2075 Unused Serialized files (Serialized files now loaded: 0)
System memory in use before: 93.2 MB.
System memory in use after: 93.3 MB.

Unloading 57 unused Assets to reduce memory usage. Loaded Objects now: 2495.
Total: 5.926700 ms (FindLiveObjects: 0.193000 ms CreateObjectMapping: 0.079400 ms MarkObjects: 5.566900 ms  DeleteObjects: 0.086100 ms)

========================================================================
Received Import Request.
  path: Assets/EndlessRunner/Scripts/New Lighting Settings 4.lighting
  artifactKey: Guid(50da1ba4011966744a8375c838582402) Importer(815301076,1909f56bfc062723c751e8b465ee728b)
Start importing Assets/EndlessRunner/Scripts/New Lighting Settings 4.lighting using Guid(50da1ba4011966744a8375c838582402) Importer(815301076,1909f56bfc062723c751e8b465ee728b)  -> (artifact id: 'df81c93d940545356e7f0f4f7ad2d036') in 0.027830 seconds
  Import took 0.030982 seconds .

========================================================================
Received Import Request.
  Time since last request: 0.881808 seconds.
  path: Assets/EndlessRunner/Scripts/New Lighting Settings 1.lighting
  artifactKey: Guid(63f6c782be8d8d74fafefbc1bbb1a3a1) Importer(815301076,1909f56bfc062723c751e8b465ee728b)
Start importing Assets/EndlessRunner/Scripts/New Lighting Settings 1.lighting using Guid(63f6c782be8d8d74fafefbc1bbb1a3a1) Importer(815301076,1909f56bfc062723c751e8b465ee728b)  -> (artifact id: '9e90a1a7500fbb7ceadf6ba4ea3718a6') in 0.003469 seconds
  Import took 0.007614 seconds .

========================================================================
Received Import Request.
  Time since last request: 0.000638 seconds.
  path: Assets/EndlessRunner/Scripts/New Lighting Settings 1.lighting
  artifactKey: Guid(63f6c782be8d8d74fafefbc1bbb1a3a1) Importer(815301076,1909f56bfc062723c751e8b465ee728b)
Start importing Assets/EndlessRunner/Scripts/New Lighting Settings 1.lighting using Guid(63f6c782be8d8d74fafefbc1bbb1a3a1) Importer(815301076,1909f56bfc062723c751e8b465ee728b)  -> (artifact id: '9e90a1a7500fbb7ceadf6ba4ea3718a6') in 0.012705 seconds
  Import took 0.016330 seconds .

========================================================================
Received Import Request.
  Time since last request: 4.594182 seconds.
  path: Assets/EndlessRunner/Scripts/New Lighting Settings 2.lighting
  artifactKey: Guid(94389d31587e55840a7cfd8813ba2fe3) Importer(815301076,1909f56bfc062723c751e8b465ee728b)
Start importing Assets/EndlessRunner/Scripts/New Lighting Settings 2.lighting using Guid(94389d31587e55840a7cfd8813ba2fe3) Importer(815301076,1909f56bfc062723c751e8b465ee728b)  -> (artifact id: '2d5907755aef4c227d26e51670901cf9') in 0.003479 seconds
  Import took 0.007544 seconds .

========================================================================
Received Import Request.
  Time since last request: 0.000802 seconds.
  path: Assets/EndlessRunner/Scripts/New Lighting Settings 2.lighting
  artifactKey: Guid(94389d31587e55840a7cfd8813ba2fe3) Importer(815301076,1909f56bfc062723c751e8b465ee728b)
Start importing Assets/EndlessRunner/Scripts/New Lighting Settings 2.lighting using Guid(94389d31587e55840a7cfd8813ba2fe3) Importer(815301076,1909f56bfc062723c751e8b465ee728b)  -> (artifact id: '2d5907755aef4c227d26e51670901cf9') in 0.002702 seconds
  Import took 0.006073 seconds .

========================================================================
Received Import Request.
  Time since last request: 10.062128 seconds.
  path: Assets/EndlessRunner/Scripts/New Lighting Settings 3.lighting
  artifactKey: Guid(1ba29216679c5cf48b50267d43c4ee91) Importer(815301076,1909f56bfc062723c751e8b465ee728b)
Start importing Assets/EndlessRunner/Scripts/New Lighting Settings 3.lighting using Guid(1ba29216679c5cf48b50267d43c4ee91) Importer(815301076,1909f56bfc062723c751e8b465ee728b)  -> (artifact id: 'bd5f2f2a80f324f2cc85339c5a92a4c1') in 0.005424 seconds
  Import took 0.011586 seconds .

========================================================================
Received Import Request.
  Time since last request: 0.000798 seconds.
  path: Assets/EndlessRunner/Scripts/New Lighting Settings 3.lighting
  artifactKey: Guid(1ba29216679c5cf48b50267d43c4ee91) Importer(815301076,1909f56bfc062723c751e8b465ee728b)
Start importing Assets/EndlessRunner/Scripts/New Lighting Settings 3.lighting using Guid(1ba29216679c5cf48b50267d43c4ee91) Importer(815301076,1909f56bfc062723c751e8b465ee728b)  -> (artifact id: 'bd5f2f2a80f324f2cc85339c5a92a4c1') in 0.003850 seconds
  Import took 0.009005 seconds .

========================================================================
Received Import Request.
  Time since last request: 3.586879 seconds.
  path: Assets/EndlessRunner/Scripts/New Lighting Settings.lighting
  artifactKey: Guid(4af827c70b641114c8a488bd12dca492) Importer(815301076,1909f56bfc062723c751e8b465ee728b)
Start importing Assets/EndlessRunner/Scripts/New Lighting Settings.lighting using Guid(4af827c70b641114c8a488bd12dca492) Importer(815301076,1909f56bfc062723c751e8b465ee728b)  -> (artifact id: 'fea420545a11f0381a9d1f0b78472777') in 0.004421 seconds
  Import took 0.010053 seconds .

========================================================================
Received Import Request.
  Time since last request: 0.000906 seconds.
  path: Assets/EndlessRunner/Scripts/New Lighting Settings.lighting
  artifactKey: Guid(4af827c70b641114c8a488bd12dca492) Importer(815301076,1909f56bfc062723c751e8b465ee728b)
Start importing Assets/EndlessRunner/Scripts/New Lighting Settings.lighting using Guid(4af827c70b641114c8a488bd12dca492) Importer(815301076,1909f56bfc062723c751e8b465ee728b)  -> (artifact id: 'fea420545a11f0381a9d1f0b78472777') in 0.003049 seconds
  Import took 0.007931 seconds .

AssetImportWorkerClient::OnTransportError - code=2 error=End of file
