
=== Mon Apr 26 19:54:43 2021

Packages were changed.
Update Mode: updateDependencies

The following packages were added:
  com.unity.2d.sprite@1.0.0
  com.unity.2d.tilemap@1.0.0
  com.unity.collab-proxy@1.3.9
  com.unity.ide.rider@2.0.7
  com.unity.ide.visualstudio@2.0.7
  com.unity.ide.vscode@1.2.3
  com.unity.modules.androidjni@1.0.0
  com.unity.test-framework@1.1.24
  com.unity.timeline@1.4.6
  com.unity.ugui@1.0.0
  com.unity.xr.legacyinputhelpers@2.1.7
The following packages were updated:
  com.unity.ads from version 2.0.8 to 3.6.1
  com.unity.analytics from version 2.0.16 to 3.5.3
  com.unity.purchasing from version 2.0.3 to 2.2.2
  com.unity.textmeshpro from version 1.2.4 to 3.0.1
The following packages were removed:
  com.unity.package-manager-ui@1.9.11

=== Wed May  5 12:49:02 2021

Packages were changed.
Update Mode: updateDependencies

The following packages were updated:
  com.unity.purchasing from version 2.2.2 to 3.0.2
  com.unity.textmeshpro from version 2.0.1 to 2.1.4

=== Thu May 20 21:06:09 2021

Packages were changed.
Update Mode: updateDependencies

The following packages were updated:
  com.unity.ads from version 3.6.1 to 3.7.1
  com.unity.collab-proxy from version 1.2.16 to 1.3.9
  com.unity.textmeshpro from version 2.1.4 to 3.0.1
  com.unity.timeline from version 1.4.6 to 1.4.7

=== Mon May 24 13:32:43 2021

Packages were changed.
Update Mode: updateDependencies

The following packages were updated:
  com.unity.collab-proxy from version 1.2.16 to 1.3.9
  com.unity.textmeshpro from version 2.1.6 to 3.0.6
  com.unity.timeline from version 1.4.7 to 1.4.8
